0.8782 	WARNING 	We strongly recommend you activate the PTB sound engine in PsychoPy prefs as the preferred audio engine. Its timing is vastly superior. Your prefs are currently set to use ['sounddevice', 'PTB', 'pyo', 'pygame'] (in that order).
0.8804 	WARNING 	psychopy.parallel has been imported but no parallel port driver found. Install either inpout32, inpoutx64 or dlportio
0.8859 	WARNING 	User requested fullscreen with size [1280  800], but screen is actually [1440, 960]. Using actual size
1.5212 	WARNING 	Image 'd:\研究生\动作模仿范式\temporary\textures\golden.png' was not a square power-of-two ' 'image. Linearly interpolating to be 1024x1024
1.5597 	WARNING 	Image 'd:\研究生\动作模仿范式\temporary\textures\golden.png' was not a square power-of-two ' 'image. Linearly interpolating to be 1024x1024
1.5943 	WARNING 	Image 'd:\研究生\动作模仿范式\temporary\textures\golden.png' was not a square power-of-two ' 'image. Linearly interpolating to be 1024x1024
1.6298 	WARNING 	Image 'd:\研究生\动作模仿范式\temporary\textures\golden.png' was not a square power-of-two ' 'image. Linearly interpolating to be 1024x1024
1.6634 	WARNING 	Image 'd:\研究生\动作模仿范式\temporary\textures\gift.png' was not a square power-of-two ' 'image. Linearly interpolating to be 512x512
1.6804 	WARNING 	Multiple images have needed resizing - I'll stop bothering you!
1.7447 	WARNING 	Multiple images have needed resizing - I'll stop bothering you!
2.0239 	WARNING 	Multiple images have needed resizing - I'll stop bothering you!
4.6559 	WARNING 	Multiple images have needed resizing - I'll stop bothering you!
4.6889 	WARNING 	Multiple images have needed resizing - I'll stop bothering you!
4.7216 	WARNING 	Multiple images have needed resizing - I'll stop bothering you!
4.7542 	WARNING 	Multiple images have needed resizing - I'll stop bothering you!
4.7873 	WARNING 	Multiple images have needed resizing - I'll stop bothering you!
4.8208 	WARNING 	Multiple images have needed resizing - I'll stop bothering you!
4.8522 	WARNING 	Multiple images have needed resizing - I'll stop bothering you!
4.8828 	WARNING 	Multiple images have needed resizing - I'll stop bothering you!
4.9143 	WARNING 	Multiple images have needed resizing - I'll stop bothering you!
4.9304 	WARNING 	Multiple images have needed resizing - I'll stop bothering you!
4.9900 	WARNING 	Multiple images have needed resizing - I'll stop bothering you!
5.1216 	WARNING 	Multiple images have needed resizing - I'll stop bothering you!
0.0003 	WARNING 	============start experiment at 2024-07-11 14:52:27.942327============
0.3353 	WARNING 	Current screen refresh rate 60Hz and frame period 16.67ms
1.1188 	DATA 	Keypress: down
1.3513 	DATA 	Keypress: return
1.3515 	WARNING 	Start paradigm hybrid BCI2
3.3364 	DATA 	Keypress: right
9.3368 	DATA 	Keypress: left
9.7374 	DATA 	Keypress: right
22.0515 	DATA 	Keypress: down
27.1829 	DATA 	Keypress: right
32.8143 	DATA 	KeyPress: q
33.4015 	DATA 	Keypress: lshift
34.1674 	DATA 	Keypress: q
35.5359 	WARNING 	Finish paradigm hybrid BCI2
36.3509 	DATA 	Keypress: q
36.4004 	WARNING 	============end Experiemnt at 2024-07-11 14:53:04.342231============
